<?xml version="1.0" encoding="UTF-8"?>
<!-- Generated by org.testng.reporters.JUnitReportReporter -->
<testsuite hostname="MAHESH-LENOVO-LAPTOP" failures="0" tests="1" name="testNG.GroupsTest1" time="0.012" errors="0" timestamp="2023-08-08T12:41:16 IST" skipped="0">
  <testcase classname="testNG.GroupsTest1" name="Test_2" time="0.012"/>
  <system-out/>
</testsuite> <!-- testNG.GroupsTest1 -->
