<?xml version="1.0" encoding="UTF-8"?>
<!-- Generated by org.testng.reporters.JUnitReportReporter -->
<testsuite hostname="MAHESH-LENOVO-LAPTOP" failures="0" tests="1" name="selenium.LoginTest" time="94.796" errors="0" timestamp="2023-08-08T18:35:36 IST" skipped="0">
  <testcase classname="selenium.LoginTest" name="Login" time="94.796"/>
  <system-out/>
</testsuite> <!-- selenium.LoginTest -->
