<?xml version="1.0" encoding="UTF-8"?>
<!-- Generated by org.testng.reporters.JUnitReportReporter -->
<testsuite hostname="MAHESH-LENOVO-LAPTOP" failures="0" tests="1" name="selenium.XMLFile_ReadParameter" time="13.188" errors="0" timestamp="2024-08-06T13:13:17 IST" skipped="0">
  <testcase classname="selenium.XMLFile_ReadParameter" name="Login" time="13.188"/>
  <system-out/>
</testsuite> <!-- selenium.XMLFile_ReadParameter -->
