<?xml version="1.0" encoding="UTF-8"?>
<!-- Generated by org.testng.reporters.JUnitReportReporter -->
<testsuite hostname="MAHESH-LENOVO-LAPTOP" failures="0" tests="2" name="testNG.GroupsTest" time="0.005" errors="0" timestamp="2023-08-08T12:26:21 IST" skipped="0">
  <testcase classname="testNG.GroupsTest" name="Test_3" time="0.002"/>
  <system-out/>
  <testcase classname="testNG.GroupsTest" name="Test_4" time="0.003"/>
  <system-out/>
</testsuite> <!-- testNG.GroupsTest -->
