<?xml version="1.0" encoding="UTF-8"?>
<!-- Generated by org.testng.reporters.JUnitReportReporter -->
<testsuite hostname="MAHESH-LENOVO-LAPTOP" failures="0" tests="1" name="testNG.LoginTest" time="0.009" errors="0" timestamp="2023-08-08T12:26:21 IST" skipped="0">
  <testcase classname="testNG.LoginTest" name="Test_2" time="0.009"/>
  <system-out/>
</testsuite> <!-- testNG.LoginTest -->
