<?xml version="1.0" encoding="UTF-8"?>
<!-- Generated by org.testng.reporters.JUnitReportReporter -->
<testsuite hostname="MAHESH-LENOVO-LAPTOP" failures="0" tests="1" name="testNG.HardAssert" time="22.986" errors="0" timestamp="2024-08-06T13:28:49 IST" skipped="0">
  <testcase classname="testNG.HardAssert" name="testTitle" time="22.986"/>
  <system-out/>
</testsuite> <!-- testNG.HardAssert -->
