<?xml version="1.0" encoding="UTF-8"?>
<!-- Generated by org.testng.reporters.JUnitReportReporter -->
<testsuite hostname="MAHESH-LENOVO-LAPTOP" failures="0" tests="3" name="testNG.TestNGStudy2" time="0.005" errors="0" timestamp="2024-08-06T13:28:49 IST" skipped="0">
  <testcase classname="testNG.TestNGStudy2" name="Test_1" time="0.002"/>
  <system-out/>
  <testcase classname="testNG.TestNGStudy2" name="Test_2" time="0.002"/>
  <system-out/>
  <testcase classname="testNG.TestNGStudy2" name="Test_3" time="0.001"/>
  <system-out/>
</testsuite> <!-- testNG.TestNGStudy2 -->
