<?xml version="1.0" encoding="UTF-8"?>
<!-- Generated by org.testng.reporters.JUnitReportReporter -->
<testsuite hostname="MAHESH-LENOVO-LAPTOP" failures="0" tests="3" name="testNG.GroupsTest2" time="0.014" errors="0" timestamp="2023-08-08T13:01:53 IST" skipped="0">
  <testcase classname="testNG.GroupsTest2" name="Test_1" time="0.009"/>
  <system-out/>
  <testcase classname="testNG.GroupsTest2" name="Test_2" time="0.002"/>
  <system-out/>
  <testcase classname="testNG.GroupsTest2" name="Test_3" time="0.003"/>
  <system-out/>
</testsuite> <!-- testNG.GroupsTest2 -->
