<?xml version="1.0" encoding="UTF-8"?>
<!-- Generated by org.testng.reporters.JUnitReportReporter -->
<testsuite hostname="MAHESH-LENOVO-LAPTOP" failures="0" tests="3" name="datadriventesting.DataProvider1" time="0.023" errors="0" timestamp="2024-08-05T10:12:48 IST" skipped="0">
  <testcase classname="datadriventesting.DataProvider1" name="testCaseData" time="0.004"/>
  <system-out/>
  <testcase classname="datadriventesting.DataProvider1" name="testCaseData" time="0.003"/>
  <system-out/>
  <testcase classname="datadriventesting.DataProvider1" name="testCaseData" time="0.016"/>
  <system-out/>
</testsuite> <!-- datadriventesting.DataProvider1 -->
