<?xml version="1.0" encoding="UTF-8"?>
<!-- Generated by org.testng.reporters.JUnitReportReporter -->
<testsuite hostname="MAHESH-LENOVO-LAPTOP" failures="0" tests="4" name="testNG.TestGroups" time="0.033" errors="0" timestamp="2023-08-07T16:36:27 IST" skipped="0">
  <testcase classname="testNG.TestGroups" name="Test_1" time="0.012"/>
  <system-out/>
  <testcase classname="testNG.TestGroups" name="Test_2" time="0.006"/>
  <system-out/>
  <testcase classname="testNG.TestGroups" name="Test_3" time="0.006"/>
  <system-out/>
  <testcase classname="testNG.TestGroups" name="Test_4" time="0.009"/>
  <system-out/>
</testsuite> <!-- testNG.TestGroups -->
