<?xml version="1.0" encoding="UTF-8"?>
<!-- Generated by org.testng.reporters.JUnitReportReporter -->
<testsuite hostname="MAHESH-LENOVO-LAPTOP" failures="0" tests="8" name="testNG.TestDataProvider" time="0.011" errors="0" timestamp="2023-08-08T17:53:00 IST" skipped="0">
  <testcase classname="testNG.TestDataProvider" name="test2" time="0.000"/>
  <system-out/>
  <testcase classname="testNG.TestDataProvider" name="test1" time="0.001"/>
  <system-out/>
  <testcase classname="testNG.TestDataProvider" name="test1" time="0.006"/>
  <system-out/>
  <testcase classname="testNG.TestDataProvider" name="test1" time="0.001"/>
  <system-out/>
  <testcase classname="testNG.TestDataProvider" name="test2" time="0.000"/>
  <system-out/>
  <testcase classname="testNG.TestDataProvider" name="test2" time="0.001"/>
  <system-out/>
  <testcase classname="testNG.TestDataProvider" name="test1" time="0.001"/>
  <system-out/>
  <testcase classname="testNG.TestDataProvider" name="test2" time="0.001"/>
  <system-out/>
</testsuite> <!-- testNG.TestDataProvider -->
