<?xml version="1.0" encoding="UTF-8"?>
<!-- Generated by org.testng.reporters.JUnitReportReporter -->
<testsuite hostname="MAHESH-LENOVO-LAPTOP" failures="0" tests="1" name="selenium.XMLFile1_ReadParameter" time="11.421" errors="0" timestamp="2024-08-06T13:18:13 IST" skipped="0">
  <testcase classname="selenium.XMLFile1_ReadParameter" name="Login" time="11.421"/>
  <system-out/>
</testsuite> <!-- selenium.XMLFile1_ReadParameter -->
