<?xml version="1.0" encoding="UTF-8"?>
<!-- Generated by org.testng.reporters.JUnitReportReporter -->
<testsuite hostname="MAHESH-LENOVO-LAPTOP" failures="0" tests="1" name="testNG.HardAssert" time="112.198" errors="0" timestamp="2023-08-08T18:26:59 IST" skipped="0">
  <testcase classname="testNG.HardAssert" name="testTitle" time="112.198"/>
  <system-out/>
</testsuite> <!-- testNG.HardAssert -->
