<?xml version="1.0" encoding="UTF-8"?>
<!-- Generated by org.testng.reporters.JUnitReportReporter -->
<testsuite hostname="MAHESH-LENOVO-LAPTOP" failures="0" tests="4" name="testNG.TestDataProvider2" time="368.729" errors="0" timestamp="2023-08-08T17:13:37 IST" skipped="0">
  <testcase classname="testNG.TestDataProvider2" name="login" time="96.597"/>
  <system-out/>
  <testcase classname="testNG.TestDataProvider2" name="login" time="90.568"/>
  <system-out/>
  <testcase classname="testNG.TestDataProvider2" name="login" time="91.077"/>
  <system-out/>
  <testcase classname="testNG.TestDataProvider2" name="login" time="90.487"/>
  <system-out/>
</testsuite> <!-- testNG.TestDataProvider2 -->
