<?xml version="1.0" encoding="UTF-8"?>
<!-- Generated by org.testng.reporters.JUnitReportReporter -->
<testsuite hostname="MAHESH-LENOVO-LAPTOP" failures="0" tests="2" name="testNG.TestNGStudy1" time="0.004" errors="0" timestamp="2024-08-06T13:28:49 IST" skipped="0">
  <testcase classname="testNG.TestNGStudy1" name="Test_1" time="0.003"/>
  <system-out/>
  <testcase classname="testNG.TestNGStudy1" name="Test_2" time="0.001"/>
  <system-out/>
</testsuite> <!-- testNG.TestNGStudy1 -->
